0 info it worked if it ends with ok
1 verbose cli [ '/usr/local/bin/node',
1 verbose cli   '/usr/local/bin/npm',
1 verbose cli   'install',
1 verbose cli   'ep_rewrite_share_paths',
1 verbose cli   '.' ]
2 info using npm@1.2.18
3 info using node@v0.10.4
4 verbose read json /home/jose/package.json
5 verbose read json /home/jose/node_modules/async/package.json
6 verbose read json /home/jose/node_modules/beepbeep/package.json
7 verbose read json /home/jose/node_modules/commander/package.json
8 verbose read json /home/jose/node_modules/csv/package.json
9 verbose read json /home/jose/node_modules/csv2json/package.json
10 verbose read json /home/jose/node_modules/csvtojson/package.json
11 verbose read json /home/jose/node_modules/ep_export_documents_images/package.json
12 verbose read json /home/jose/node_modules/ep_rewrite_share_paths/package.json
13 verbose read json /home/jose/node_modules/ep_sizes/package.json
14 verbose read json /home/jose/node_modules/jquery/package.json
15 verbose read json /home/jose/node_modules/json2csv/package.json
16 verbose read json /home/jose/node_modules/jsoncsv/package.json
17 verbose read json /home/jose/node_modules/kaiseki/package.json
18 verbose read json /home/jose/node_modules/mammoth/package.json
19 verbose read json /home/jose/node_modules/node-github/package.json
20 verbose read json /home/jose/node_modules/node-jquery/package.json
21 verbose read json /home/jose/node_modules/node-parse-api/package.json
22 verbose read json /home/jose/node_modules/npm-debug.log/package.json
23 verbose read json /home/jose/node_modules/request/package.json
24 verbose read json /home/jose/node_modules/ueberDB/package.json
25 verbose read json /home/jose/node_modules/weinre/package.json
26 verbose read json /home/jose/node_modules/wordnet/package.json
27 verbose read json /home/jose/package.json
28 verbose cache add [ 'ep_rewrite_share_paths', null ]
29 verbose cache add name=undefined spec="ep_rewrite_share_paths" args=["ep_rewrite_share_paths",null]
30 verbose parsed url { protocol: null,
30 verbose parsed url   slashes: null,
30 verbose parsed url   auth: null,
30 verbose parsed url   host: null,
30 verbose parsed url   port: null,
30 verbose parsed url   hostname: null,
30 verbose parsed url   hash: null,
30 verbose parsed url   search: null,
30 verbose parsed url   query: null,
30 verbose parsed url   pathname: 'ep_rewrite_share_paths',
30 verbose parsed url   path: 'ep_rewrite_share_paths',
30 verbose parsed url   href: 'ep_rewrite_share_paths' }
31 verbose cache add [ '.', null ]
32 verbose cache add name=undefined spec="." args=[".",null]
33 verbose parsed url { protocol: null,
33 verbose parsed url   slashes: null,
33 verbose parsed url   auth: null,
33 verbose parsed url   host: null,
33 verbose parsed url   port: null,
33 verbose parsed url   hostname: null,
33 verbose parsed url   hash: null,
33 verbose parsed url   search: null,
33 verbose parsed url   query: null,
33 verbose parsed url   pathname: '.',
33 verbose parsed url   path: '.',
33 verbose parsed url   href: '.' }
34 silly lockFile 97f0e4f7-ep-rewrite-share-paths ep_rewrite_share_paths
35 verbose lock ep_rewrite_share_paths /home/jose/.npm/97f0e4f7-ep-rewrite-share-paths.lock
36 silly lockFile 3a52ce78- .
37 verbose lock . /home/jose/.npm/3a52ce78-.lock
38 silly lockFile 97f0e4f7-ep-rewrite-share-paths ep_rewrite_share_paths
39 silly lockFile 97f0e4f7-ep-rewrite-share-paths ep_rewrite_share_paths
40 verbose read json package.json
41 verbose addNamed [ 'ep_rewrite_share_paths', '' ]
42 verbose addNamed [ null, '' ]
43 silly lockFile 74d72cea-ep-rewrite-share-paths ep_rewrite_share_paths@
44 verbose lock ep_rewrite_share_paths@ /home/jose/.npm/74d72cea-ep-rewrite-share-paths.lock
45 silly lockFile 3a52ce78- .
46 silly lockFile 3a52ce78- .
47 silly addNameRange { name: 'ep_rewrite_share_paths', range: '', hasData: false }
48 error addLocal Could not install .
49 error Error: ENOENT, open 'package.json'
50 error If you need help, you may report this log at:
50 error     <http://github.com/isaacs/npm/issues>
50 error or email it to:
50 error     <npm-@googlegroups.com>
51 error System Linux 3.5.0-18-generic
52 error command "/usr/local/bin/node" "/usr/local/bin/npm" "install" "ep_rewrite_share_paths" "."
53 error cwd /home/jose/ep_rewrite_share_paths
54 error node -v v0.10.4
55 error npm -v 1.2.18
56 error path package.json
57 error code ENOENT
58 error errno 34
59 verbose exit [ 34, true ]
